[ 2024-06-20T03:00:20+08:00 ][ info ] [ BEHAVIOR ] Run Closure @app_init [ RunTime:0.000321s ]
[ info ] [ LOG ] INIT File
info
[ 2024-06-20T03:00:20+08:00 ][ info ] [ CACHE ] INIT File
info
[ 2024-06-20T03:00:20+08:00 ][ info ] [ BEHAVIOR ] Run Closure @app_init [ RunTime:0.004008s ]
info
[ 2024-06-20T03:00:20+08:00 ][ info ] [ BEHAVIOR ] Run app\common\behavior\Common @app_init [ RunTime:0.000817s ]
info
[ 2024-06-20T03:00:20+08:00 ][ info ] [ DB ] INIT mysql
info
[ 2024-06-20T03:00:20+08:00 ][ info ] [ BEHAVIOR ] Run Closure @app_init [ RunTime:0.000047s ]
[ info ] [ LOG ] INIT File
info
[ 2024-06-20T03:00:20+08:00 ][ info ] [ CACHE ] INIT File
info
[ 2024-06-20T03:00:20+08:00 ][ info ] [ BEHAVIOR ] Run Closure @app_init [ RunTime:0.002290s ]
info
[ 2024-06-20T03:00:20+08:00 ][ info ] [ BEHAVIOR ] Run app\common\behavior\Common @app_init [ RunTime:0.000540s ]
info
[ 2024-06-20T03:00:20+08:00 ][ info ] [ DB ] INIT mysql
info
[ 2024-06-20T03:00:20+08:00 ][ info ] [ LANG ] /www/wwwroot/www.yushi.com/application/admin/lang/zh-cn.php
info
