[ 2024-06-21T00:50:12+08:00 ][ info ] [ BEHAVIOR ] Run Closure @app_init [ RunTime:0.000263s ]
[ info ] [ LOG ] INIT File
info
[ 2024-06-21T00:50:12+08:00 ][ info ] [ CACHE ] INIT File
info
[ 2024-06-21T00:50:12+08:00 ][ info ] [ BEHAVIOR ] Run Closure @app_init [ RunTime:0.003958s ]
info
[ 2024-06-21T00:50:12+08:00 ][ info ] [ BEHAVIOR ] Run app\common\behavior\Common @app_init [ RunTime:0.000862s ]
info
[ 2024-06-21T00:50:12+08:00 ][ info ] [ DB ] INIT mysql
info
[ 2024-06-21T00:50:12+08:00 ][ info ] [ BEHAVIOR ] Run Closure @app_init [ RunTime:0.000046s ]
[ info ] [ LOG ] INIT File
info
[ 2024-06-21T00:50:12+08:00 ][ info ] [ CACHE ] INIT File
info
[ 2024-06-21T00:50:12+08:00 ][ info ] [ BEHAVIOR ] Run Closure @app_init [ RunTime:0.002372s ]
info
[ 2024-06-21T00:50:12+08:00 ][ info ] [ BEHAVIOR ] Run app\common\behavior\Common @app_init [ RunTime:0.000553s ]
info
[ 2024-06-21T00:50:12+08:00 ][ info ] [ DB ] INIT mysql
info
[ 2024-06-21T00:50:12+08:00 ][ info ] [ LANG ] /www/wwwroot/www.yushi.com/application/admin/lang/zh-cn.php
info
[ 2024-06-21T01:05:49+08:00 ][ info ] [ BEHAVIOR ] Run Closure @app_init [ RunTime:0.000267s ]
[ info ] [ LOG ] INIT File
info
[ 2024-06-21T01:05:49+08:00 ][ info ] [ CACHE ] INIT File
info
[ 2024-06-21T01:05:49+08:00 ][ info ] [ BEHAVIOR ] Run Closure @app_init [ RunTime:0.003674s ]
info
[ 2024-06-21T01:05:49+08:00 ][ info ] [ BEHAVIOR ] Run app\common\behavior\Common @app_init [ RunTime:0.000811s ]
info
[ 2024-06-21T01:05:49+08:00 ][ info ] [ DB ] INIT mysql
info
[ 2024-06-21T01:05:49+08:00 ][ info ] [ BEHAVIOR ] Run Closure @app_init [ RunTime:0.000055s ]
[ info ] [ LOG ] INIT File
info
[ 2024-06-21T01:05:49+08:00 ][ info ] [ CACHE ] INIT File
info
[ 2024-06-21T01:05:49+08:00 ][ info ] [ BEHAVIOR ] Run Closure @app_init [ RunTime:0.002364s ]
info
[ 2024-06-21T01:05:49+08:00 ][ info ] [ BEHAVIOR ] Run app\common\behavior\Common @app_init [ RunTime:0.000605s ]
info
[ 2024-06-21T01:05:49+08:00 ][ info ] [ DB ] INIT mysql
info
[ 2024-06-21T01:05:49+08:00 ][ info ] [ LANG ] /www/wwwroot/www.yushi.com/application/admin/lang/zh-cn.php
info
